<?xml version="1.0" encoding="UTF-8"?>
<!-- Generated by org.testng.reporters.JUnitXMLReporter -->
<testsuite hostname="DESKTOP-MS5K9AM" ignored="0" name="Test" tests="16" failures="0" timestamp="11 May 2018 18:47:08 GMT" time="7.401" errors="0">
  <testcase name="@BeforeTest beforeTest" time="0.042" classname="webdriver.TrainersTest">
    <failure type="java.lang.IllegalStateException" message="The driver executable does not exist: C:\my_git_repos\TG_pro\src\main\resources\chromedriver">
      <![CDATA[java.lang.IllegalStateException: The driver executable does not exist: C:\my_git_repos\TG_pro\src\main\resources\chromedriver
at com.google.common.base.Preconditions.checkState(Preconditions.java:585)
at org.openqa.selenium.remote.service.DriverService.checkExecutable(DriverService.java:136)
at org.openqa.selenium.remote.service.DriverService.findExecutable(DriverService.java:131)
at org.openqa.selenium.chrome.ChromeDriverService.access$000(ChromeDriverService.java:32)
at org.openqa.selenium.chrome.ChromeDriverService$Builder.findDefaultExecutable(ChromeDriverService.java:137)
at org.openqa.selenium.remote.service.DriverService$Builder.build(DriverService.java:339)
at org.openqa.selenium.chrome.ChromeDriverService.createDefaultService(ChromeDriverService.java:88)
at org.openqa.selenium.chrome.ChromeDriver.<init>(ChromeDriver.java:123)
at webdriver.webdriver.openApp(webdriver.java:42)
at webdriver.TrainersTest.beforeTest(TrainersTest.java:24)
... Removed 24 stack frames]]>
    </failure>
  </testcase> <!-- @BeforeTest beforeTest -->
  <testcase name="@BeforeTest beforeTest" time="0.0" classname="webdriver.overviewTest">
    <skipped/>
  </testcase> <!-- @BeforeTest beforeTest -->
  <testcase name="@AfterTest afterTest" time="0.0" classname="com.gator.pages.BatchesTest">
    <skipped/>
  </testcase> <!-- @AfterTest afterTest -->
  <testcase name="@AfterTest afterTest" time="0.0" classname="webdriver.TrainersTest">
    <skipped/>
  </testcase> <!-- @AfterTest afterTest -->
  <testcase name="@AfterTest afterTest" time="0.0" classname="webdriver.overviewTest">
    <skipped/>
  </testcase> <!-- @AfterTest afterTest -->
  <testcase name="verifyDateSort" time="0.0" classname="com.gator.pages.BatchesTest">
    <skipped/>
  </testcase> <!-- verifyDateSort -->
  <testcase name="verifyPageLoad" time="0.0" classname="com.gator.pages.BatchesTest">
    <skipped/>
  </testcase> <!-- verifyPageLoad -->
  <testcase name="verifyTableLoad" time="0.0" classname="com.gator.pages.BatchesTest">
    <skipped/>
  </testcase> <!-- verifyTableLoad -->
  <testcase name="verifyTimelineLoad" time="0.0" classname="com.gator.pages.BatchesTest">
    <skipped/>
  </testcase> <!-- verifyTimelineLoad -->
  <testcase name="feature" time="0.0" classname="cucumber.api.testng.AbstractTestNGCucumberTests">
    <skipped/>
  </testcase> <!-- feature -->
  <testcase name="enterTrainerAndSubmit" time="0.0" classname="webdriver.TrainersTest">
    <skipped/>
  </testcase> <!-- enterTrainerAndSubmit -->
  <testcase name="test1" time="0.0" classname="webdriver.TrainersTest">
    <skipped/>
  </testcase> <!-- test1 -->
  <testcase name="overview_test" time="0.0" classname="webdriver.overviewTest">
    <skipped/>
  </testcase> <!-- overview_test -->
  <testcase name="test2" time="0.0" classname="webdriver.overviewTest">
    <skipped/>
  </testcase> <!-- test2 -->
  <testcase name="test3" time="0.0" classname="webdriver.overviewTest">
    <skipped/>
  </testcase> <!-- test3 -->
  <testcase name="test4" time="0.0" classname="webdriver.overviewTest">
    <skipped/>
  </testcase> <!-- test4 -->
  <testcase name="test5" time="0.0" classname="webdriver.overviewTest">
    <skipped/>
  </testcase> <!-- test5 -->
  <testcase name="test6" time="0.0" classname="webdriver.overviewTest">
    <skipped/>
  </testcase> <!-- test6 -->
  <testcase name="test7" time="0.0" classname="webdriver.overviewTest">
    <skipped/>
  </testcase> <!-- test7 -->
  <testcase name="test8" time="0.0" classname="webdriver.overviewTest">
    <skipped/>
  </testcase> <!-- test8 -->
  <testcase name="test9" time="0.0" classname="webdriver.overviewTest">
    <skipped/>
  </testcase> <!-- test9 -->
</testsuite> <!-- Test -->
